This is pdfTeX, Version 3.14159265-2.6-1.40.20 (MiKTeX 2.9.7250 64-bit) (preloaded format=pdflatex 2020.2.4)  25 APR 2020 13:56
entering extended mode
**"C:/Users/Gregory Rozanski/Documents/SummariesFS2020/Entrepreneurial Risk/ER_
2020_ProjectDescription.tex"

("C:/Users/Gregory Rozanski/Documents/SummariesFS2020/Entrepreneurial Risk/ER_2
020_ProjectDescription.tex"
LaTeX2e <2019-10-01> patch level 3

("C:\Users\Gregory Rozanski\AppData\Local\Programs\MiKTeX 2.9\tex/latex/extsize
s\extreport.cls"
Document Class: extreport 1996/10/08 v1.0 Non Standard LaTeX document class

("C:\Users\Gregory Rozanski\AppData\Local\Programs\MiKTeX 2.9\tex/latex/extsize
s\size8.clo"
File: size8.clo 1999/11/11 v1.4a NON-Standard LaTeX file (size option)
)
("C:\Users\Gregory Rozanski\AppData\Local\Programs\MiKTeX 2.9\tex/latex/base\ex
scale.sty"
Package: exscale 2018/09/24 v2.1i Standard LaTeX package exscale
LaTeX Font Info:    Redeclaring symbol font `largesymbols' on input line 57.
LaTeX Font Info:    Overwriting symbol font `largesymbols' in version `normal'
(Font)                  OMX/cmex/m/n --> OMX/cmex/m/n on input line 57.
LaTeX Font Info:    Overwriting symbol font `largesymbols' in version `bold'
(Font)                  OMX/cmex/m/n --> OMX/cmex/m/n on input line 57.
\big@size=\dimen102
)
\c@part=\count80
\c@chapter=\count81
\c@section=\count82
\c@subsection=\count83
\c@subsubsection=\count84
\c@paragraph=\count85
\c@subparagraph=\count86
\c@figure=\count87
\c@table=\count88
\abovecaptionskip=\skip41
\belowcaptionskip=\skip42
\bibindent=\dimen103
)
("C:\Users\Gregory Rozanski\AppData\Local\Programs\MiKTeX 2.9\tex/latex/parskip
\parskip.sty"
Package: parskip 2020-01-22 v2.0d non-zero parskip adjustments

("C:\Users\Gregory Rozanski\AppData\Local\Programs\MiKTeX 2.9\tex/latex/oberdie
k\kvoptions.sty"
Package: kvoptions 2016/05/16 v3.12 Key value format for package options (HO)

("C:\Users\Gregory Rozanski\AppData\Local\Programs\MiKTeX 2.9\tex/latex/graphic
s\keyval.sty"
Package: keyval 2014/10/28 v1.15 key=value parser (DPC)
\KV@toks@=\toks14
)
("C:\Users\Gregory Rozanski\AppData\Local\Programs\MiKTeX 2.9\tex/generic/oberd
iek\ltxcmds.sty"
Package: ltxcmds 2016/05/16 v1.23 LaTeX kernel commands for general use (HO)
)
("C:\Users\Gregory Rozanski\AppData\Local\Programs\MiKTeX 2.9\tex/generic/oberd
iek\kvsetkeys.sty"
Package: kvsetkeys 2016/05/16 v1.17 Key value parser (HO)

("C:\Users\Gregory Rozanski\AppData\Local\Programs\MiKTeX 2.9\tex/generic/oberd
iek\infwarerr.sty"
Package: infwarerr 2016/05/16 v1.4 Providing info/warning/error messages (HO)
)
("C:\Users\Gregory Rozanski\AppData\Local\Programs\MiKTeX 2.9\tex/generic/oberd
iek\etexcmds.sty"
Package: etexcmds 2016/05/16 v1.6 Avoid name clashes with e-TeX commands (HO)

("C:\Users\Gregory Rozanski\AppData\Local\Programs\MiKTeX 2.9\tex/generic/iftex
\ifluatex.sty"
Package: ifluatex 2019/10/25 v1.5 ifluatex legacy package. Use iftex instead.

("C:\Users\Gregory Rozanski\AppData\Local\Programs\MiKTeX 2.9\tex/generic/iftex
\iftex.sty"
Package: iftex 2019/11/07 v1.0c TeX engine tests
)))))
("C:\Users\Gregory Rozanski\AppData\Local\Programs\MiKTeX 2.9\tex/latex/etoolbo
x\etoolbox.sty"
Package: etoolbox 2019/09/21 v2.5h e-TeX tools for LaTeX (JAW)
\etb@tempcnta=\count89
))
("C:\Users\Gregory Rozanski\AppData\Local\Programs\MiKTeX 2.9\tex/latex/amsmath
\amsmath.sty"
Package: amsmath 2019/11/16 v2.17d AMS math features
\@mathmargin=\skip43

For additional information on amsmath, use the `?' option.

("C:\Users\Gregory Rozanski\AppData\Local\Programs\MiKTeX 2.9\tex/latex/amsmath
\amstext.sty"
Package: amstext 2000/06/29 v2.01 AMS text

("C:\Users\Gregory Rozanski\AppData\Local\Programs\MiKTeX 2.9\tex/latex/amsmath
\amsgen.sty"
File: amsgen.sty 1999/11/30 v2.0 generic functions
\@emptytoks=\toks15
\ex@=\dimen104
))
("C:\Users\Gregory Rozanski\AppData\Local\Programs\MiKTeX 2.9\tex/latex/amsmath
\amsbsy.sty"
Package: amsbsy 1999/11/29 v1.2d Bold Symbols
\pmbraise@=\dimen105
)
("C:\Users\Gregory Rozanski\AppData\Local\Programs\MiKTeX 2.9\tex/latex/amsmath
\amsopn.sty"
Package: amsopn 2016/03/08 v2.02 operator names
)
\inf@bad=\count90
LaTeX Info: Redefining \frac on input line 227.
\uproot@=\count91
\leftroot@=\count92
LaTeX Info: Redefining \overline on input line 389.
\classnum@=\count93
\DOTSCASE@=\count94
LaTeX Info: Redefining \ldots on input line 486.
LaTeX Info: Redefining \dots on input line 489.
LaTeX Info: Redefining \cdots on input line 610.
\Mathstrutbox@=\box27
\strutbox@=\box28
\big@size=\dimen106
LaTeX Font Info:    Redeclaring font encoding OML on input line 733.
LaTeX Font Info:    Redeclaring font encoding OMS on input line 734.
\macc@depth=\count95
\c@MaxMatrixCols=\count96
\dotsspace@=\muskip10
\c@parentequation=\count97
\dspbrk@lvl=\count98
\tag@help=\toks16
\row@=\count99
\column@=\count100
\maxfields@=\count101
\andhelp@=\toks17
\eqnshift@=\dimen107
\alignsep@=\dimen108
\tagshift@=\dimen109
\tagwidth@=\dimen110
\totwidth@=\dimen111
\lineht@=\dimen112
\@envbody=\toks18
\multlinegap=\skip44
\multlinetaggap=\skip45
\mathdisplay@stack=\toks19
LaTeX Info: Redefining \[ on input line 2858.
LaTeX Info: Redefining \] on input line 2859.
)
("C:\Users\Gregory Rozanski\AppData\Local\Programs\MiKTeX 2.9\tex/latex/amsfont
s\amssymb.sty"
Package: amssymb 2013/01/14 v3.01 AMS font symbols

("C:\Users\Gregory Rozanski\AppData\Local\Programs\MiKTeX 2.9\tex/latex/amsfont
s\amsfonts.sty"
Package: amsfonts 2013/01/14 v3.01 Basic AMSFonts support
\symAMSa=\mathgroup4
\symAMSb=\mathgroup5
LaTeX Font Info:    Redeclaring math symbol \hbar on input line 98.
LaTeX Font Info:    Overwriting math alphabet `\mathfrak' in version `bold'
(Font)                  U/euf/m/n --> U/euf/b/n on input line 106.
))
("C:\Users\Gregory Rozanski\AppData\Local\Programs\MiKTeX 2.9\tex/latex/graphic
s\graphicx.sty"
Package: graphicx 2017/06/01 v1.1a Enhanced LaTeX Graphics (DPC,SPQR)

("C:\Users\Gregory Rozanski\AppData\Local\Programs\MiKTeX 2.9\tex/latex/graphic
s\graphics.sty"
Package: graphics 2019/11/01 v1.3d Standard LaTeX Graphics (DPC,SPQR)

("C:\Users\Gregory Rozanski\AppData\Local\Programs\MiKTeX 2.9\tex/latex/graphic
s\trig.sty"
Package: trig 2016/01/03 v1.10 sin cos tan (DPC)
)
("C:\Users\Gregory Rozanski\AppData\Local\Programs\MiKTeX 2.9\tex/latex/graphic
s-cfg\graphics.cfg"
File: graphics.cfg 2016/06/04 v1.11 sample graphics configuration
)
Package graphics Info: Driver file: pdftex.def on input line 105.

("C:\Users\Gregory Rozanski\AppData\Local\Programs\MiKTeX 2.9\tex/latex/graphic
s-def\pdftex.def"
File: pdftex.def 2018/01/08 v1.0l Graphics/color driver for pdftex
))
\Gin@req@height=\dimen113
\Gin@req@width=\dimen114
)
("C:\Users\Gregory Rozanski\AppData\Local\Programs\MiKTeX 2.9\tex/latex/caption
\subcaption.sty"
Package: subcaption 2020/01/22 v1.3d Sub-captions (AR)

("C:\Users\Gregory Rozanski\AppData\Local\Programs\MiKTeX 2.9\tex/latex/caption
\caption.sty"
Package: caption 2020/01/03 v3.4h Customizing captions (AR)

("C:\Users\Gregory Rozanski\AppData\Local\Programs\MiKTeX 2.9\tex/latex/caption
\caption3.sty"
Package: caption3 2020/01/03 v1.8h caption3 kernel (AR)
Package caption3 Info: TeX engine: e-TeX on input line 61.
\captionmargin=\dimen115
\captionmargin@=\dimen116
\captionwidth=\dimen117
\caption@tempdima=\dimen118
\caption@indent=\dimen119
\caption@parindent=\dimen120
\caption@hangindent=\dimen121
Package caption Info: Standard document class detected.
)
\c@caption@flags=\count102
\c@continuedfloat=\count103
)
\c@subfigure=\count104
\c@subtable=\count105
)
("C:\Users\Gregory Rozanski\AppData\Local\Programs\MiKTeX 2.9\tex/latex/enumite
m\enumitem.sty"
Package: enumitem 2019/06/20 v3.9 Customized lists
\labelindent=\skip46
\enit@outerparindent=\dimen122
\enit@toks=\toks20
\enit@inbox=\box29
\enit@count@id=\count106
\enitdp@description=\count107
)
("C:\Users\Gregory Rozanski\AppData\Local\Programs\MiKTeX 2.9\tex/latex/geometr
y\geometry.sty"
Package: geometry 2020/01/02 v5.9 Page Geometry

("C:\Users\Gregory Rozanski\AppData\Local\Programs\MiKTeX 2.9\tex/generic/iftex
\ifvtex.sty"
Package: ifvtex 2019/10/25 v1.7 ifvtex legacy package. Use iftex instead.
)
\Gm@cnth=\count108
\Gm@cntv=\count109
\c@Gm@tempcnt=\count110
\Gm@bindingoffset=\dimen123
\Gm@wd@mp=\dimen124
\Gm@odd@mp=\dimen125
\Gm@even@mp=\dimen126
\Gm@layoutwidth=\dimen127
\Gm@layoutheight=\dimen128
\Gm@layouthoffset=\dimen129
\Gm@layoutvoffset=\dimen130
\Gm@dimlist=\toks21

("C:\Users\Gregory Rozanski\AppData\Local\Programs\MiKTeX 2.9\tex/latex/geometr
y\geometry.cfg"))
("C:\Users\Gregory Rozanski\AppData\Local\Programs\MiKTeX 2.9\tex/latex/float\f
loat.sty"
Package: float 2001/11/08 v1.3d Float enhancements (AL)
\c@float@type=\count111
\float@exts=\toks22
\float@box=\box30
\@float@everytoks=\toks23
\@floatcapt=\box31
)
("C:\Users\Gregory Rozanski\AppData\Local\Programs\MiKTeX 2.9\tex/latex/hyperre
f\hyperref.sty"
Package: hyperref 2019/11/10 v7.00c Hypertext links for LaTeX

("C:\Users\Gregory Rozanski\AppData\Local\Programs\MiKTeX 2.9\tex/latex/pdftexc
mds\pdftexcmds.sty"
Package: pdftexcmds 2019/11/24 v0.31 Utility functions of pdfTeX for LuaTeX (HO
)
Package pdftexcmds Info: \pdf@primitive is available.
Package pdftexcmds Info: \pdf@ifprimitive is available.
Package pdftexcmds Info: \pdfdraftmode found.
)
("C:\Users\Gregory Rozanski\AppData\Local\Programs\MiKTeX 2.9\tex/generic/oberd
iek\kvdefinekeys.sty"
Package: kvdefinekeys 2016/05/16 v1.4 Define keys (HO)
)
("C:\Users\Gregory Rozanski\AppData\Local\Programs\MiKTeX 2.9\tex/generic/oberd
iek\pdfescape.sty"
Package: pdfescape 2016/05/16 v1.14 Implements pdfTeX's escape features (HO)
)
("C:\Users\Gregory Rozanski\AppData\Local\Programs\MiKTeX 2.9\tex/latex/oberdie
k\hycolor.sty"
Package: hycolor 2016/05/16 v1.8 Color options for hyperref/bookmark (HO)

("C:\Users\Gregory Rozanski\AppData\Local\Programs\MiKTeX 2.9\tex/latex/oberdie
k\xcolor-patch.sty"
Package: xcolor-patch 2016/05/16 xcolor patch

("C:\Users\Gregory Rozanski\AppData\Local\Programs\MiKTeX 2.9\tex/latex/oberdie
k\hopatch.sty"
Package: hopatch 2016/05/16 v1.3 Wrapper for package hooks (HO)
)))
("C:\Users\Gregory Rozanski\AppData\Local\Programs\MiKTeX 2.9\tex/latex/oberdie
k\letltxmacro.sty"
Package: letltxmacro 2016/05/16 v1.5 Let assignment for LaTeX macros (HO)
)
("C:\Users\Gregory Rozanski\AppData\Local\Programs\MiKTeX 2.9\tex/latex/oberdie
k\auxhook.sty"
Package: auxhook 2016/05/16 v1.4 Hooks for auxiliary files (HO)
)
\@linkdim=\dimen131
\Hy@linkcounter=\count112
\Hy@pagecounter=\count113

("C:\Users\Gregory Rozanski\AppData\Local\Programs\MiKTeX 2.9\tex/latex/hyperre
f\pd1enc.def"
File: pd1enc.def 2019/11/10 v7.00c Hyperref: PDFDocEncoding definition (HO)
Now handling font encoding PD1 ...
... no UTF-8 mapping file for font encoding PD1
)
("C:\Users\Gregory Rozanski\AppData\Local\Programs\MiKTeX 2.9\tex/generic/oberd
iek\intcalc.sty"
Package: intcalc 2016/05/16 v1.2 Expandable calculations with integers (HO)
)
\Hy@SavedSpaceFactor=\count114

("C:\Users\Gregory Rozanski\AppData\Local\Programs\MiKTeX 2.9\tex/latex/00mikte
x\hyperref.cfg"
File: hyperref.cfg 2002/06/06 v1.2 hyperref configuration of TeXLive
)
Package hyperref Info: Hyper figures OFF on input line 4535.
Package hyperref Info: Link nesting OFF on input line 4540.
Package hyperref Info: Hyper index ON on input line 4543.
Package hyperref Info: Plain pages OFF on input line 4550.
Package hyperref Info: Backreferencing OFF on input line 4555.
Package hyperref Info: Implicit mode ON; LaTeX internals redefined.
Package hyperref Info: Bookmarks ON on input line 4788.
\c@Hy@tempcnt=\count115

("C:\Users\Gregory Rozanski\AppData\Local\Programs\MiKTeX 2.9\tex/latex/url\url
.sty"
\Urlmuskip=\muskip11
Package: url 2013/09/16  ver 3.4  Verb mode for urls, etc.
)
LaTeX Info: Redefining \url on input line 5147.
\XeTeXLinkMargin=\dimen132

("C:\Users\Gregory Rozanski\AppData\Local\Programs\MiKTeX 2.9\tex/generic/oberd
iek\bitset.sty"
Package: bitset 2016/05/16 v1.2 Handle bit-vector datatype (HO)

("C:\Users\Gregory Rozanski\AppData\Local\Programs\MiKTeX 2.9\tex/generic/oberd
iek\bigintcalc.sty"
Package: bigintcalc 2016/05/16 v1.4 Expandable calculations on big integers (HO
)
))
\Fld@menulength=\count116
\Field@Width=\dimen133
\Fld@charsize=\dimen134
Package hyperref Info: Hyper figures OFF on input line 6418.
Package hyperref Info: Link nesting OFF on input line 6423.
Package hyperref Info: Hyper index ON on input line 6426.
Package hyperref Info: backreferencing OFF on input line 6433.
Package hyperref Info: Link coloring OFF on input line 6438.
Package hyperref Info: Link coloring with OCG OFF on input line 6443.
Package hyperref Info: PDF/A mode OFF on input line 6448.
LaTeX Info: Redefining \ref on input line 6488.
LaTeX Info: Redefining \pageref on input line 6492.

("C:\Users\Gregory Rozanski\AppData\Local\Programs\MiKTeX 2.9\tex/generic/oberd
iek\atbegshi.sty"
Package: atbegshi 2016/06/09 v1.18 At begin shipout hook (HO)

("C:\Users\Gregory Rozanski\AppData\Local\Programs\MiKTeX 2.9\tex/generic/iftex
\ifpdf.sty"
Package: ifpdf 2019/10/25 v3.4 ifpdf legacy package. Use iftex instead.
))
\Hy@abspage=\count117
\c@Item=\count118
\c@Hfootnote=\count119
)
Package hyperref Info: Driver (autodetected): hpdftex.

("C:\Users\Gregory Rozanski\AppData\Local\Programs\MiKTeX 2.9\tex/latex/hyperre
f\hpdftex.def"
File: hpdftex.def 2019/11/10 v7.00c Hyperref driver for pdfTeX

("C:\Users\Gregory Rozanski\AppData\Local\Programs\MiKTeX 2.9\tex/latex/oberdie
k\atveryend.sty"
Package: atveryend 2016/05/16 v1.9 Hooks at the very end of document (HO)
)
\Fld@listcount=\count120
\c@bookmark@seq@number=\count121

("C:\Users\Gregory Rozanski\AppData\Local\Programs\MiKTeX 2.9\tex/latex/oberdie
k\rerunfilecheck.sty"
Package: rerunfilecheck 2016/05/16 v1.8 Rerun checks for auxiliary files (HO)

("C:\Users\Gregory Rozanski\AppData\Local\Programs\MiKTeX 2.9\tex/generic/oberd
iek\uniquecounter.sty"
Package: uniquecounter 2016/05/16 v1.3 Provide unlimited unique counter (HO)
)
Package uniquecounter Info: New unique counter `rerunfilecheck' on input line 2
85.
)
\Hy@SectionHShift=\skip47
)
No file ER_2020_ProjectDescription.aux.
\openout1 = `ER_2020_ProjectDescription.aux'.

LaTeX Font Info:    Checking defaults for OML/cmm/m/it on input line 12.
LaTeX Font Info:    ... okay on input line 12.
LaTeX Font Info:    Checking defaults for T1/cmr/m/n on input line 12.
LaTeX Font Info:    ... okay on input line 12.
LaTeX Font Info:    Checking defaults for OT1/cmr/m/n on input line 12.
LaTeX Font Info:    ... okay on input line 12.
LaTeX Font Info:    Checking defaults for OMS/cmsy/m/n on input line 12.
LaTeX Font Info:    ... okay on input line 12.
LaTeX Font Info:    Checking defaults for OMX/cmex/m/n on input line 12.
LaTeX Font Info:    ... okay on input line 12.
LaTeX Font Info:    Checking defaults for U/cmr/m/n on input line 12.
LaTeX Font Info:    ... okay on input line 12.
LaTeX Font Info:    Checking defaults for PD1/pdf/m/n on input line 12.
LaTeX Font Info:    ... okay on input line 12.

("C:\Users\Gregory Rozanski\AppData\Local\Programs\MiKTeX 2.9\tex/context/base/
mkii\supp-pdf.mkii"
[Loading MPS to PDF converter (version 2006.09.02).]
\scratchcounter=\count122
\scratchdimen=\dimen135
\scratchbox=\box32
\nofMPsegments=\count123
\nofMParguments=\count124
\everyMPshowfont=\toks24
\MPscratchCnt=\count125
\MPscratchDim=\dimen136
\MPnumerator=\count126
\makeMPintoPDFobject=\count127
\everyMPtoPDFconversion=\toks25
)
("C:\Users\Gregory Rozanski\AppData\Local\Programs\MiKTeX 2.9\tex/latex/epstopd
f-pkg\epstopdf-base.sty"
Package: epstopdf-base 2019/11/24 v2.7 Base part for package epstopdf

("C:\Users\Gregory Rozanski\AppData\Local\Programs\MiKTeX 2.9\tex/latex/oberdie
k\grfext.sty"
Package: grfext 2016/05/16 v1.2 Manage graphics extensions (HO)
)
Package epstopdf-base Info: Redefining graphics rule for `.eps' on input line 4
42.
Package grfext Info: Graphics extension search list:
(grfext)             [.pdf,.png,.jpg,.mps,.jpeg,.jbig2,.jb2,.PDF,.PNG,.JPG,.JPE
G,.JBIG2,.JB2,.eps]
(grfext)             \AppendGraphicsExtensions on input line 460.
)
Package caption Info: Begin \AtBeginDocument code.
Package caption Info: float package is loaded.
Package caption Info: hyperref package is loaded.
Package caption Info: End \AtBeginDocument code.

*geometry* driver: auto-detecting
*geometry* detected driver: pdftex
*geometry* verbose mode - [ preamble ] result:
* driver: pdftex
* paper: a4paper
* layout: <same size as paper>
* layoutoffset:(h,v)=(0.0pt,0.0pt)
* modes: 
* h-part:(L,W,R)=(72.26999pt, 452.9679pt, 72.26999pt)
* v-part:(T,H,B)=(72.26999pt, 700.50687pt, 72.26999pt)
* \paperwidth=597.50787pt
* \paperheight=845.04684pt
* \textwidth=452.9679pt
* \textheight=700.50687pt
* \oddsidemargin=0.0pt
* \evensidemargin=0.0pt
* \topmargin=-37.0pt
* \headheight=12.0pt
* \headsep=25.0pt
* \topskip=9.0pt
* \footskip=30.0pt
* \marginparwidth=74.0pt
* \marginparsep=10.0pt
* \columnsep=10.0pt
* \skip\footins=7.0pt plus 4.0pt minus 2.0pt
* \hoffset=0.0pt
* \voffset=0.0pt
* \mag=1000
* \@twocolumnfalse
* \@twosidefalse
* \@mparswitchfalse
* \@reversemarginfalse
* (1in=72.27pt=25.4mm, 1cm=28.453pt)

\AtBeginShipoutBox=\box33
Package hyperref Info: Link coloring OFF on input line 12.

("C:\Users\Gregory Rozanski\AppData\Local\Programs\MiKTeX 2.9\tex/latex/hyperre
f\nameref.sty"
Package: nameref 2019/09/16 v2.46 Cross-referencing by name of section

("C:\Users\Gregory Rozanski\AppData\Local\Programs\MiKTeX 2.9\tex/latex/oberdie
k\refcount.sty"
Package: refcount 2016/05/16 v3.5 Data extraction from label references (HO)
)
("C:\Users\Gregory Rozanski\AppData\Local\Programs\MiKTeX 2.9\tex/generic/oberd
iek\gettitlestring.sty"
Package: gettitlestring 2016/05/16 v1.5 Cleanup title references (HO)
)
\c@section@level=\count128
)
LaTeX Info: Redefining \ref on input line 12.
LaTeX Info: Redefining \pageref on input line 12.
LaTeX Info: Redefining \nameref on input line 12.
\@outlinefile=\write3
\openout3 = `ER_2020_ProjectDescription.out'.

LaTeX Font Info:    Trying to load font information for U+msa on input line 14.


("C:\Users\Gregory Rozanski\AppData\Local\Programs\MiKTeX 2.9\tex/latex/amsfont
s\umsa.fd"
File: umsa.fd 2013/01/14 v3.01 AMS symbols A
)
LaTeX Font Info:    Trying to load font information for U+msb on input line 14.


("C:\Users\Gregory Rozanski\AppData\Local\Programs\MiKTeX 2.9\tex/latex/amsfont
s\umsb.fd"
File: umsb.fd 2013/01/14 v3.01 AMS symbols B
)
LaTeX Font Info:    Trying to load font information for OMS+cmr on input line 1
6.

("C:\Users\Gregory Rozanski\AppData\Local\Programs\MiKTeX 2.9\tex/latex/base\om
scmr.fd"
File: omscmr.fd 2014/09/29 v2.5h Standard LaTeX font definitions
)
LaTeX Font Info:    Font shape `OMS/cmr/m/n' in size <8> not available
(Font)              Font shape `OMS/cmsy/m/n' tried instead on input line 16.

! pdfTeX error (ext1): \pdfendlink cannot be used in vertical mode.
\close@pdflink ...\Hy@VerboseLinkStop \pdfendlink 
                                                  
l.26 \item
          

 
Here is how much of TeX's memory you used:
 8553 strings out of 492484
 133994 string characters out of 3116617
 223265 words of memory out of 3000000
 12772 multiletter control sequences out of 15000+200000
 8302 words of font info for 32 fonts, out of 3000000 for 9000
 1141 hyphenation exceptions out of 8191
 51i,4n,46p,972b,280s stack positions out of 5000i,500n,10000p,200000b,50000s
!  ==> Fatal error occurred, no output PDF file produced!
